e:\dbms\hustbase-framework(2020)\hustbase\debug\hustbase.pch
e:\dbms\hustbase-framework(2020)\hustbase\debug\vc141.pdb
e:\dbms\hustbase-framework(2020)\hustbase\debug\vc141.idb
e:\dbms\hustbase-framework(2020)\hustbase\debug\pch.obj
e:\dbms\hustbase-framework(2020)\hustbase\debug\sys_manager.obj
e:\dbms\hustbase-framework(2020)\hustbase\debug\rm_manager.obj
e:\dbms\hustbase-framework(2020)\hustbase\debug\qu_manager.obj
e:\dbms\hustbase-framework(2020)\hustbase\debug\pf_manager.obj
e:\dbms\hustbase-framework(2020)\hustbase\debug\ix_manager.obj
e:\dbms\hustbase-framework(2020)\hustbase\debug\dllmain.obj
e:\dbms\hustbase-framework(2020)\hustbase\debug\dbtest.obj
e:\dbms\hustbase-framework(2020)\hustbase\debug\yacc_sql.tab.obj
e:\dbms\hustbase-framework(2020)\hustbase\debug\parse.obj
e:\dbms\hustbase-framework(2020)\hustbase\debug\lex.yy.obj
e:\dbms\hustbase-framework(2020)\hustbase\debug\hustbase.lib
e:\dbms\hustbase-framework(2020)\hustbase\debug\hustbase.exp
e:\dbms\hustbase-framework(2020)\hustbase\debug\hustbase.dll
e:\dbms\hustbase-framework(2020)\hustbase\debug\hustbase.ilk
e:\dbms\hustbase-framework(2020)\hustbase\debug\hustbase.pdb
d:\qq\hustbase-zgs\hustbase\debug\dbtest.obj
d:\qq\hustbase-zgs\hustbase\debug\dllmain.obj
d:\qq\hustbase-zgs\hustbase\debug\ix_manager.obj
d:\qq\hustbase-zgs\hustbase\debug\lex.yy.obj
d:\qq\hustbase-zgs\hustbase\debug\parse.obj
d:\qq\hustbase-zgs\hustbase\debug\pch.obj
d:\qq\hustbase-zgs\hustbase\debug\pf_manager.obj
d:\qq\hustbase-zgs\hustbase\debug\qu_manager.obj
d:\qq\hustbase-zgs\hustbase\debug\rm_manager.obj
d:\qq\hustbase-zgs\hustbase\debug\sys_manager.obj
d:\qq\hustbase-zgs\hustbase\debug\yacc_sql.tab.obj
d:\qq\hustbase-zgs\hustbase\debug\sys_manager.obj.enc
d:\qq\hustbase-zgs\hustbase\debug\hustbase.ilk
d:\qq\hustbase-zgs\hustbase\debug\hustbase.pch
d:\qq\hustbase-zgs\hustbase\debug\hustbase.exp
d:\qq\hustbase-zgs\hustbase\debug\vc141.idb
d:\qq\hustbase-zgs\hustbase\debug\hustbase.pdb
d:\qq\hustbase-zgs\hustbase\debug\vc141.pdb
d:\qq\hustbase-zgs\hustbase\debug\hustbase.dll
d:\qq\hustbase-zgs\hustbase\debug\hustbase.tlog\cl.command.1.tlog
d:\qq\hustbase-zgs\hustbase\debug\hustbase.tlog\cl.read.1.tlog
d:\qq\hustbase-zgs\hustbase\debug\hustbase.tlog\cl.write.1.tlog
d:\qq\hustbase-zgs\hustbase\debug\hustbase.tlog\hustbase.write.1u.tlog
d:\qq\hustbase-zgs\hustbase\debug\hustbase.tlog\link.command.1.tlog
d:\qq\hustbase-zgs\hustbase\debug\hustbase.tlog\link.read.1.tlog
d:\qq\hustbase-zgs\hustbase\debug\hustbase.tlog\link.write.1.tlog
